[DEBUG]	2017-02-14 17:03:00 Loaded C:/Users/falindrith/Dropbox/Documents/research/sliders_project/sliders/app/native/debug_images/solid_red.png
[DEBUG]	2017-02-14 17:03:00 Added new layer named red
[DEBUG]	2017-02-14 17:03:00 Loaded C:/Users/falindrith/Dropbox/Documents/research/sliders_project/sliders/app/native/debug_images/solid_green.png
[DEBUG]	2017-02-14 17:03:00 Added new layer named green
[DEBUG]	2017-02-14 17:03:00 Loaded C:/Users/falindrith/Dropbox/Documents/research/sliders_project/sliders/app/native/debug_images/solid_blue.png
[DEBUG]	2017-02-14 17:03:00 Added new layer named blue
[DEBUG]	2017-02-14 17:03:39 Loaded C:/Users/falindrith/Dropbox/Documents/research/sliders_project/sliders/app/native/debug_images/solid_red.png
[DEBUG]	2017-02-14 17:03:39 Added new layer named red
[DEBUG]	2017-02-14 17:03:39 Loaded C:/Users/falindrith/Dropbox/Documents/research/sliders_project/sliders/app/native/debug_images/solid_green.png
[DEBUG]	2017-02-14 17:03:39 Added new layer named green
[DEBUG]	2017-02-14 17:03:39 Loaded C:/Users/falindrith/Dropbox/Documents/research/sliders_project/sliders/app/native/debug_images/solid_blue.png
[DEBUG]	2017-02-14 17:03:39 Added new layer named blue
[DEBUG]	2017-02-14 17:04:02 Loaded C:/Users/falindrith/Dropbox/Documents/research/sliders_project/sliders/app/native/debug_images/solid_red.png
[DEBUG]	2017-02-14 17:04:02 Added new layer named red
[DEBUG]	2017-02-14 17:04:02 Loaded C:/Users/falindrith/Dropbox/Documents/research/sliders_project/sliders/app/native/debug_images/solid_green.png
[DEBUG]	2017-02-14 17:04:02 Added new layer named green
[DEBUG]	2017-02-14 17:04:02 Loaded C:/Users/falindrith/Dropbox/Documents/research/sliders_project/sliders/app/native/debug_images/solid_blue.png
[DEBUG]	2017-02-14 17:04:02 Added new layer named blue
[DEBUG]	2017-02-14 17:31:00 Loaded C:/Users/falindrith/Dropbox/Documents/research/sliders_project/sliders/app/native/debug_images/solid_red.png
[DEBUG]	2017-02-14 17:31:00 Added new layer named red
[DEBUG]	2017-02-14 17:31:00 Loaded C:/Users/falindrith/Dropbox/Documents/research/sliders_project/sliders/app/native/debug_images/solid_green.png
[DEBUG]	2017-02-14 17:31:00 Added new layer named green
[DEBUG]	2017-02-14 17:31:00 Loaded C:/Users/falindrith/Dropbox/Documents/research/sliders_project/sliders/app/native/debug_images/solid_blue.png
[DEBUG]	2017-02-14 17:31:00 Added new layer named blue
[DEBUG]	2017-02-14 17:35:13 Loaded C:/Users/falindrith/Dropbox/Documents/research/sliders_project/sliders/app/native/debug_images/solid_red.png
[DEBUG]	2017-02-14 17:35:13 Added new layer named red
[DEBUG]	2017-02-14 17:35:13 Loaded C:/Users/falindrith/Dropbox/Documents/research/sliders_project/sliders/app/native/debug_images/solid_green.png
[DEBUG]	2017-02-14 17:35:13 Added new layer named green
[DEBUG]	2017-02-14 17:35:13 Loaded C:/Users/falindrith/Dropbox/Documents/research/sliders_project/sliders/app/native/debug_images/solid_blue.png
[DEBUG]	2017-02-14 17:35:13 Added new layer named blue
[DEBUG]	2017-02-14 17:42:10 Loaded C:/Users/falindrith/Dropbox/Documents/research/sliders_project/sliders/app/native/debug_images/solid_red.png
[DEBUG]	2017-02-14 17:42:10 Added new layer named red
[DEBUG]	2017-02-14 17:42:10 Loaded C:/Users/falindrith/Dropbox/Documents/research/sliders_project/sliders/app/native/debug_images/solid_green.png
[DEBUG]	2017-02-14 17:42:10 Added new layer named green
[DEBUG]	2017-02-14 17:42:10 Loaded C:/Users/falindrith/Dropbox/Documents/research/sliders_project/sliders/app/native/debug_images/solid_blue.png
[DEBUG]	2017-02-14 17:42:10 Added new layer named blue
[DEBUG]	2017-02-14 17:42:37 Loaded C:/Users/falindrith/Dropbox/Documents/research/sliders_project/sliders/app/native/debug_images/solid_red.png
[DEBUG]	2017-02-14 17:42:37 Added new layer named red
[DEBUG]	2017-02-14 17:42:37 Loaded C:/Users/falindrith/Dropbox/Documents/research/sliders_project/sliders/app/native/debug_images/solid_green.png
[DEBUG]	2017-02-14 17:42:37 Added new layer named green
[DEBUG]	2017-02-14 17:42:37 Loaded C:/Users/falindrith/Dropbox/Documents/research/sliders_project/sliders/app/native/debug_images/solid_blue.png
[DEBUG]	2017-02-14 17:42:37 Added new layer named blue
